#
# There is insufficient memory for the Java Runtime Environment to continue.
# Native memory allocation (malloc) failed to allocate 32744 bytes for ChunkPool::allocate
# Possible reasons:
#   The system is out of physical RAM or swap space
#   The process is running with CompressedOops enabled, and the Java Heap may be blocking the growth of the native heap
# Possible solutions:
#   Reduce memory load on the system
#   Increase physical memory or swap space
#   Check if swap backing store is full
#   Decrease Java heap size (-Xmx/-Xms)
#   Decrease number of Java threads
#   Decrease Java thread stack sizes (-Xss)
#   Set larger code cache with -XX:ReservedCodeCacheSize=
#   JVM is running with Unscaled Compressed Oops mode in which the Java heap is
#     placed in the first 4GB address space. The Java Heap base address is the
#     maximum limit for the native heap growth. Please use -XX:HeapBaseMinAddress
#     to set the Java Heap base and to place the Java Heap above 4GB virtual address.
# This output file may be truncated or incomplete.
#
#  Out of Memory Error (./open/src/hotspot/share/memory/arena.cpp:79), pid=27704, tid=6976
#
# JRE version: Java(TM) SE Runtime Environment (14.0.1+7) (build 14.0.1+7)
# Java VM: Java HotSpot(TM) 64-Bit Server VM (14.0.1+7, mixed mode, sharing, tiered, compressed oops, g1 gc, windows-amd64)
# No core dump will be written. Minidumps are not enabled by default on client versions of Windows
#

---------------  S U M M A R Y ------------

Command Line: -agentlib:jdwp=transport=dt_socket,suspend=y,address=localhost:50685 -javaagent:C:\Users\asjb2\eclipse\java-2020-03\eclipse\configuration\org.eclipse.osgi\223\0\.cp\lib\javaagent-shaded.jar -Dfile.encoding=Cp1252 --module-path=C:\Program Files\Java\mysql-connector-java-8.0.22\mysql-connector-java-8.0.22.jar university.management.system.StudentDetails

Host: Intel(R) Core(TM) i5-8250U CPU @ 1.60GHz, 8 cores, 7G,  Windows 10 , 64 bit Build 17763 (10.0.17763.1158)
Time: Thu Nov  5 02:13:21 2020 India Standard Time elapsed time: 6 seconds (0d 0h 0m 6s)

---------------  T H R E A D  ---------------

Current thread (0x0000023082636000):  JavaThread "C2 CompilerThread0" daemon [_thread_in_native, id=6976, stack(0x000000cf99400000,0x000000cf99500000)]


Current CompileTask:
C2:   6154 1063 %     4       org.eclipse.jdt.launching.internal.org.objectweb.asm.ClassReader::readCode @ 2165 (5089 bytes)

Stack: [0x000000cf99400000,0x000000cf99500000]
Native frames: (J=compiled Java code, j=interpreted, Vv=VM code, C=native code)
V  [jvm.dll+0x5f840a]
V  [jvm.dll+0x741e4a]
V  [jvm.dll+0x7435ff]
V  [jvm.dll+0x743c43]
V  [jvm.dll+0x20d288]
V  [jvm.dll+0xabea6]
V  [jvm.dll+0xac1fc]
V  [jvm.dll+0x3218e8]
V  [jvm.dll+0x3210c1]
V  [jvm.dll+0x321104]
V  [jvm.dll+0x31a8dd]
V  [jvm.dll+0x18ce3d]
V  [jvm.dll+0x1e5efa]
V  [jvm.dll+0x1e50b8]
V  [jvm.dll+0x1779cc]
V  [jvm.dll+0x1f4105]
V  [jvm.dll+0x1f22eb]
V  [jvm.dll+0x706a9d]
V  [jvm.dll+0x6ff8ba]
V  [jvm.dll+0x5f72c6]
C  [ucrtbase.dll+0x21ffa]
C  [KERNEL32.DLL+0x17974]
C  [ntdll.dll+0x6a271]


---------------  P R O C E S S  ---------------

Threads class SMR info:
_java_thread_list=0x000002308b4383c0, length=20, elements={
0x0000023082609800, 0x000002308260a800, 0x0000023082626800, 0x0000023082627800,
0x0000023082629800, 0x0000023082636000, 0x0000023082638000, 0x000002308264d800,
0x00000230825ee000, 0x00000230836f3800, 0x000002308316d800, 0x00000230831f4000,
0x0000023083715800, 0x00000230837d6000, 0x00000230837d9800, 0x00000230837dd000,
0x000002308378e800, 0x0000023085455800, 0x00000230e356f800, 0x000002308aef2000
}

Java Threads: ( => current thread )
  0x0000023082609800 JavaThread "Reference Handler" daemon [_thread_blocked, id=28172, stack(0x000000cf98f00000,0x000000cf99000000)]
  0x000002308260a800 JavaThread "Finalizer" daemon [_thread_blocked, id=22972, stack(0x000000cf99000000,0x000000cf99100000)]
  0x0000023082626800 JavaThread "Signal Dispatcher" daemon [_thread_blocked, id=23440, stack(0x000000cf99100000,0x000000cf99200000)]
  0x0000023082627800 JavaThread "Attach Listener" daemon [_thread_blocked, id=4412, stack(0x000000cf99200000,0x000000cf99300000)]
  0x0000023082629800 JavaThread "Service Thread" daemon [_thread_blocked, id=19872, stack(0x000000cf99300000,0x000000cf99400000)]
=>0x0000023082636000 JavaThread "C2 CompilerThread0" daemon [_thread_in_native, id=6976, stack(0x000000cf99400000,0x000000cf99500000)]
  0x0000023082638000 JavaThread "C1 CompilerThread0" daemon [_thread_blocked, id=7728, stack(0x000000cf99500000,0x000000cf99600000)]
  0x000002308264d800 JavaThread "Sweeper thread" daemon [_thread_blocked, id=22384, stack(0x000000cf99600000,0x000000cf99700000)]
  0x00000230825ee000 JavaThread "Common-Cleaner" daemon [_thread_blocked, id=27556, stack(0x000000cf99700000,0x000000cf99800000)]
  0x00000230836f3800 JavaThread "JDWP Transport Listener: dt_socket" daemon [_thread_blocked, id=27900, stack(0x000000cf99900000,0x000000cf99a00000)]
  0x000002308316d800 JavaThread "JDWP Event Helper Thread" daemon [_thread_blocked, id=6756, stack(0x000000cf99a00000,0x000000cf99b00000)]
  0x00000230831f4000 JavaThread "JDWP Command Reader" daemon [_thread_in_native, id=21628, stack(0x000000cf99b00000,0x000000cf99c00000)]
  0x0000023083715800 JavaThread "Notification Thread" daemon [_thread_blocked, id=8500, stack(0x000000cf99c00000,0x000000cf99d00000)]
  0x00000230837d6000 JavaThread "Java2D Disposer" daemon [_thread_blocked, id=27888, stack(0x000000cf99e00000,0x000000cf99f00000)]
  0x00000230837d9800 JavaThread "AWT-Shutdown" [_thread_blocked, id=28064, stack(0x000000cf99f00000,0x000000cf9a000000)]
  0x00000230837dd000 JavaThread "AWT-Windows" daemon [_thread_in_native, id=28140, stack(0x000000cf9a000000,0x000000cf9a100000)]
  0x000002308378e800 JavaThread "mysql-cj-abandoned-connection-cleanup" daemon [_thread_blocked, id=17996, stack(0x000000cf99800000,0x000000cf99900000)]
  0x0000023085455800 JavaThread "AWT-EventQueue-0" [_thread_blocked, id=17628, stack(0x000000cf9a500000,0x000000cf9a600000)]
  0x00000230e356f800 JavaThread "DestroyJavaVM" [_thread_blocked, id=20540, stack(0x000000cf98800000,0x000000cf98900000)]
  0x000002308aef2000 JavaThread "TimerQueue" daemon [_thread_blocked, id=28012, stack(0x000000cf9a900000,0x000000cf9aa00000)]

Other Threads:
  0x0000023082607800 VMThread "VM Thread" [stack: 0x000000cf98e00000,0x000000cf98f00000] [id=28024]
  0x0000023083716000 WatcherThread [stack: 0x000000cf99d00000,0x000000cf99e00000] [id=3028]
  0x00000230e35b2000 GCTaskThread "GC Thread#0" [stack: 0x000000cf98900000,0x000000cf98a00000] [id=21536]
  0x0000023084d33000 GCTaskThread "GC Thread#1" [stack: 0x000000cf9a200000,0x000000cf9a300000] [id=1416]
  0x0000023083e8d800 GCTaskThread "GC Thread#2" [stack: 0x000000cf9a300000,0x000000cf9a400000] [id=26924]
  0x0000023083e8e000 GCTaskThread "GC Thread#3" [stack: 0x000000cf9a400000,0x000000cf9a500000] [id=22956]
  0x00000230e35c3800 ConcurrentGCThread "G1 Main Marker" [stack: 0x000000cf98a00000,0x000000cf98b00000] [id=17880]
  0x00000230e35c6800 ConcurrentGCThread "G1 Conc#0" [stack: 0x000000cf98b00000,0x000000cf98c00000] [id=23492]
  0x00000230e363e800 ConcurrentGCThread "G1 Refine#0" [stack: 0x000000cf98c00000,0x000000cf98d00000] [id=28420]
  0x0000023082481000 ConcurrentGCThread "G1 Young RemSet Sampling" [stack: 0x000000cf98d00000,0x000000cf98e00000] [id=6836]

Threads with active compile tasks:
C2 CompilerThread0     6939 1063 %     4       org.eclipse.jdt.launching.internal.org.objectweb.asm.ClassReader::readCode @ 2165 (5089 bytes)

VM state:not at safepoint (normal execution)

VM Mutex/Monitor currently owned by a thread: None

Heap address: 0x0000000081c00000, size: 2020 MB, Compressed Oops mode: 32-bit
Narrow klass base: 0x0000000800000000, Narrow klass shift: 3
Compressed class space size: 1073741824 Address: 0x0000000800b30000

Heap:
 garbage-first heap   total 131072K, used 34039K [0x0000000081c00000, 0x0000000100000000)
  region size 1024K, 29 young (29696K), 3 survivors (3072K)
 Metaspace       used 15355K, capacity 15800K, committed 16000K, reserved 1062912K
  class space    used 1708K, capacity 1892K, committed 1920K, reserved 1048576K
Heap Regions: E=young(eden), S=young(survivor), O=old, HS=humongous(starts), HC=humongous(continues), CS=collection set, F=free, OA=open archive, CA=closed archive, TAMS=top-at-mark-start (previous, next)
|   0|0x0000000081c00000, 0x0000000081c3dc00, 0x0000000081d00000| 24%| O|  |TAMS 0x0000000081c00000, 0x0000000081c00000| Untracked 
|   1|0x0000000081d00000, 0x0000000081e00000, 0x0000000081e00000|100%|HS|  |TAMS 0x0000000081d00000, 0x0000000081d00000| Complete 
|   2|0x0000000081e00000, 0x0000000081f00000, 0x0000000081f00000|100%|HC|  |TAMS 0x0000000081e00000, 0x0000000081e00000| Complete 
|   3|0x0000000081f00000, 0x0000000082000000, 0x0000000082000000|100%|HC|  |TAMS 0x0000000081f00000, 0x0000000081f00000| Complete 
|   4|0x0000000082000000, 0x0000000082100000, 0x0000000082100000|100%|HC|  |TAMS 0x0000000082000000, 0x0000000082000000| Complete 
|   5|0x0000000082100000, 0x0000000082200000, 0x0000000082200000|100%|HC|  |TAMS 0x0000000082100000, 0x0000000082100000| Complete 
|   6|0x0000000082200000, 0x0000000082200000, 0x0000000082300000|  0%| F|  |TAMS 0x0000000082200000, 0x0000000082200000| Untracked 
|   7|0x0000000082300000, 0x0000000082300000, 0x0000000082400000|  0%| F|  |TAMS 0x0000000082300000, 0x0000000082300000| Untracked 
|   8|0x0000000082400000, 0x0000000082400000, 0x0000000082500000|  0%| F|  |TAMS 0x0000000082400000, 0x0000000082400000| Untracked 
|   9|0x0000000082500000, 0x0000000082500000, 0x0000000082600000|  0%| F|  |TAMS 0x0000000082500000, 0x0000000082500000| Untracked 
|  10|0x0000000082600000, 0x0000000082600000, 0x0000000082700000|  0%| F|  |TAMS 0x0000000082600000, 0x0000000082600000| Untracked 
|  11|0x0000000082700000, 0x0000000082700000, 0x0000000082800000|  0%| F|  |TAMS 0x0000000082700000, 0x0000000082700000| Untracked 
|  12|0x0000000082800000, 0x0000000082800000, 0x0000000082900000|  0%| F|  |TAMS 0x0000000082800000, 0x0000000082800000| Untracked 
|  13|0x0000000082900000, 0x0000000082900000, 0x0000000082a00000|  0%| F|  |TAMS 0x0000000082900000, 0x0000000082900000| Untracked 
|  14|0x0000000082a00000, 0x0000000082a00000, 0x0000000082b00000|  0%| F|  |TAMS 0x0000000082a00000, 0x0000000082a00000| Untracked 
|  15|0x0000000082b00000, 0x0000000082b00000, 0x0000000082c00000|  0%| F|  |TAMS 0x0000000082b00000, 0x0000000082b00000| Untracked 
|  16|0x0000000082c00000, 0x0000000082c00000, 0x0000000082d00000|  0%| F|  |TAMS 0x0000000082c00000, 0x0000000082c00000| Untracked 
|  17|0x0000000082d00000, 0x0000000082d00000, 0x0000000082e00000|  0%| F|  |TAMS 0x0000000082d00000, 0x0000000082d00000| Untracked 
|  18|0x0000000082e00000, 0x0000000082e00000, 0x0000000082f00000|  0%| F|  |TAMS 0x0000000082e00000, 0x0000000082e00000| Untracked 
|  19|0x0000000082f00000, 0x0000000082f00000, 0x0000000083000000|  0%| F|  |TAMS 0x0000000082f00000, 0x0000000082f00000| Untracked 
|  20|0x0000000083000000, 0x0000000083000000, 0x0000000083100000|  0%| F|  |TAMS 0x0000000083000000, 0x0000000083000000| Untracked 
|  21|0x0000000083100000, 0x0000000083100000, 0x0000000083200000|  0%| F|  |TAMS 0x0000000083100000, 0x0000000083100000| Untracked 
|  22|0x0000000083200000, 0x0000000083200000, 0x0000000083300000|  0%| F|  |TAMS 0x0000000083200000, 0x0000000083200000| Untracked 
|  23|0x0000000083300000, 0x0000000083300000, 0x0000000083400000|  0%| F|  |TAMS 0x0000000083300000, 0x0000000083300000| Untracked 
|  24|0x0000000083400000, 0x0000000083400000, 0x0000000083500000|  0%| F|  |TAMS 0x0000000083400000, 0x0000000083400000| Untracked 
|  25|0x0000000083500000, 0x0000000083500000, 0x0000000083600000|  0%| F|  |TAMS 0x0000000083500000, 0x0000000083500000| Untracked 
|  26|0x0000000083600000, 0x0000000083600000, 0x0000000083700000|  0%| F|  |TAMS 0x0000000083600000, 0x0000000083600000| Untracked 
|  27|0x0000000083700000, 0x0000000083700000, 0x0000000083800000|  0%| F|  |TAMS 0x0000000083700000, 0x0000000083700000| Untracked 
|  28|0x0000000083800000, 0x0000000083800000, 0x0000000083900000|  0%| F|  |TAMS 0x0000000083800000, 0x0000000083800000| Untracked 
|  29|0x0000000083900000, 0x0000000083900000, 0x0000000083a00000|  0%| F|  |TAMS 0x0000000083900000, 0x0000000083900000| Untracked 
|  30|0x0000000083a00000, 0x0000000083a00000, 0x0000000083b00000|  0%| F|  |TAMS 0x0000000083a00000, 0x0000000083a00000| Untracked 
|  31|0x0000000083b00000, 0x0000000083b00000, 0x0000000083c00000|  0%| F|  |TAMS 0x0000000083b00000, 0x0000000083b00000| Untracked 
|  32|0x0000000083c00000, 0x0000000083c00000, 0x0000000083d00000|  0%| F|  |TAMS 0x0000000083c00000, 0x0000000083c00000| Untracked 
|  33|0x0000000083d00000, 0x0000000083d00000, 0x0000000083e00000|  0%| F|  |TAMS 0x0000000083d00000, 0x0000000083d00000| Untracked 
|  34|0x0000000083e00000, 0x0000000083e00000, 0x0000000083f00000|  0%| F|  |TAMS 0x0000000083e00000, 0x0000000083e00000| Untracked 
|  35|0x0000000083f00000, 0x0000000083f00000, 0x0000000084000000|  0%| F|  |TAMS 0x0000000083f00000, 0x0000000083f00000| Untracked 
|  36|0x0000000084000000, 0x0000000084000000, 0x0000000084100000|  0%| F|  |TAMS 0x0000000084000000, 0x0000000084000000| Untracked 
|  37|0x0000000084100000, 0x0000000084100000, 0x0000000084200000|  0%| F|  |TAMS 0x0000000084100000, 0x0000000084100000| Untracked 
|  38|0x0000000084200000, 0x0000000084200000, 0x0000000084300000|  0%| F|  |TAMS 0x0000000084200000, 0x0000000084200000| Untracked 
|  39|0x0000000084300000, 0x0000000084300000, 0x0000000084400000|  0%| F|  |TAMS 0x0000000084300000, 0x0000000084300000| Untracked 
|  40|0x0000000084400000, 0x0000000084400000, 0x0000000084500000|  0%| F|  |TAMS 0x0000000084400000, 0x0000000084400000| Untracked 
|  41|0x0000000084500000, 0x0000000084500000, 0x0000000084600000|  0%| F|  |TAMS 0x0000000084500000, 0x0000000084500000| Untracked 
|  42|0x0000000084600000, 0x0000000084600000, 0x0000000084700000|  0%| F|  |TAMS 0x0000000084600000, 0x0000000084600000| Untracked 
|  43|0x0000000084700000, 0x0000000084700000, 0x0000000084800000|  0%| F|  |TAMS 0x0000000084700000, 0x0000000084700000| Untracked 
|  44|0x0000000084800000, 0x0000000084800000, 0x0000000084900000|  0%| F|  |TAMS 0x0000000084800000, 0x0000000084800000| Untracked 
|  45|0x0000000084900000, 0x0000000084900000, 0x0000000084a00000|  0%| F|  |TAMS 0x0000000084900000, 0x0000000084900000| Untracked 
|  46|0x0000000084a00000, 0x0000000084a00000, 0x0000000084b00000|  0%| F|  |TAMS 0x0000000084a00000, 0x0000000084a00000| Untracked 
|  47|0x0000000084b00000, 0x0000000084b00000, 0x0000000084c00000|  0%| F|  |TAMS 0x0000000084b00000, 0x0000000084b00000| Untracked 
|  48|0x0000000084c00000, 0x0000000084c00000, 0x0000000084d00000|  0%| F|  |TAMS 0x0000000084c00000, 0x0000000084c00000| Untracked 
|  49|0x0000000084d00000, 0x0000000084d00000, 0x0000000084e00000|  0%| F|  |TAMS 0x0000000084d00000, 0x0000000084d00000| Untracked 
|  50|0x0000000084e00000, 0x0000000084e00000, 0x0000000084f00000|  0%| F|  |TAMS 0x0000000084e00000, 0x0000000084e00000| Untracked 
|  51|0x0000000084f00000, 0x0000000084f00000, 0x0000000085000000|  0%| F|  |TAMS 0x0000000084f00000, 0x0000000084f00000| Untracked 
|  52|0x0000000085000000, 0x0000000085000000, 0x0000000085100000|  0%| F|  |TAMS 0x0000000085000000, 0x0000000085000000| Untracked 
|  53|0x0000000085100000, 0x0000000085100000, 0x0000000085200000|  0%| F|  |TAMS 0x0000000085100000, 0x0000000085100000| Untracked 
|  54|0x0000000085200000, 0x0000000085200000, 0x0000000085300000|  0%| F|  |TAMS 0x0000000085200000, 0x0000000085200000| Untracked 
|  55|0x0000000085300000, 0x0000000085300000, 0x0000000085400000|  0%| F|  |TAMS 0x0000000085300000, 0x0000000085300000| Untracked 
|  56|0x0000000085400000, 0x0000000085400000, 0x0000000085500000|  0%| F|  |TAMS 0x0000000085400000, 0x0000000085400000| Untracked 
|  57|0x0000000085500000, 0x0000000085500000, 0x0000000085600000|  0%| F|  |TAMS 0x0000000085500000, 0x0000000085500000| Untracked 
|  58|0x0000000085600000, 0x0000000085600000, 0x0000000085700000|  0%| F|  |TAMS 0x0000000085600000, 0x0000000085600000| Untracked 
|  59|0x0000000085700000, 0x0000000085700000, 0x0000000085800000|  0%| F|  |TAMS 0x0000000085700000, 0x0000000085700000| Untracked 
|  60|0x0000000085800000, 0x0000000085800000, 0x0000000085900000|  0%| F|  |TAMS 0x0000000085800000, 0x0000000085800000| Untracked 
|  61|0x0000000085900000, 0x0000000085900000, 0x0000000085a00000|  0%| F|  |TAMS 0x0000000085900000, 0x0000000085900000| Untracked 
|  62|0x0000000085a00000, 0x0000000085a00000, 0x0000000085b00000|  0%| F|  |TAMS 0x0000000085a00000, 0x0000000085a00000| Untracked 
|  63|0x0000000085b00000, 0x0000000085b00000, 0x0000000085c00000|  0%| F|  |TAMS 0x0000000085b00000, 0x0000000085b00000| Untracked 
|  64|0x0000000085c00000, 0x0000000085c00000, 0x0000000085d00000|  0%| F|  |TAMS 0x0000000085c00000, 0x0000000085c00000| Untracked 
|  65|0x0000000085d00000, 0x0000000085d00000, 0x0000000085e00000|  0%| F|  |TAMS 0x0000000085d00000, 0x0000000085d00000| Untracked 
|  66|0x0000000085e00000, 0x0000000085e00000, 0x0000000085f00000|  0%| F|  |TAMS 0x0000000085e00000, 0x0000000085e00000| Untracked 
|  67|0x0000000085f00000, 0x0000000085f00000, 0x0000000086000000|  0%| F|  |TAMS 0x0000000085f00000, 0x0000000085f00000| Untracked 
|  68|0x0000000086000000, 0x0000000086000000, 0x0000000086100000|  0%| F|  |TAMS 0x0000000086000000, 0x0000000086000000| Untracked 
|  69|0x0000000086100000, 0x0000000086100000, 0x0000000086200000|  0%| F|  |TAMS 0x0000000086100000, 0x0000000086100000| Untracked 
|  70|0x0000000086200000, 0x0000000086200000, 0x0000000086300000|  0%| F|  |TAMS 0x0000000086200000, 0x0000000086200000| Untracked 
|  71|0x0000000086300000, 0x0000000086300000, 0x0000000086400000|  0%| F|  |TAMS 0x0000000086300000, 0x0000000086300000| Untracked 
|  72|0x0000000086400000, 0x0000000086400000, 0x0000000086500000|  0%| F|  |TAMS 0x0000000086400000, 0x0000000086400000| Untracked 
|  73|0x0000000086500000, 0x0000000086500000, 0x0000000086600000|  0%| F|  |TAMS 0x0000000086500000, 0x0000000086500000| Untracked 
|  74|0x0000000086600000, 0x0000000086600000, 0x0000000086700000|  0%| F|  |TAMS 0x0000000086600000, 0x0000000086600000| Untracked 
|  75|0x0000000086700000, 0x0000000086700000, 0x0000000086800000|  0%| F|  |TAMS 0x0000000086700000, 0x0000000086700000| Untracked 
|  76|0x0000000086800000, 0x0000000086800000, 0x0000000086900000|  0%| F|  |TAMS 0x0000000086800000, 0x0000000086800000| Untracked 
|  77|0x0000000086900000, 0x0000000086900000, 0x0000000086a00000|  0%| F|  |TAMS 0x0000000086900000, 0x0000000086900000| Untracked 
|  78|0x0000000086a00000, 0x0000000086a00000, 0x0000000086b00000|  0%| F|  |TAMS 0x0000000086a00000, 0x0000000086a00000| Untracked 
|  79|0x0000000086b00000, 0x0000000086b00000, 0x0000000086c00000|  0%| F|  |TAMS 0x0000000086b00000, 0x0000000086b00000| Untracked 
|  80|0x0000000086c00000, 0x0000000086c00000, 0x0000000086d00000|  0%| F|  |TAMS 0x0000000086c00000, 0x0000000086c00000| Untracked 
|  81|0x0000000086d00000, 0x0000000086d00000, 0x0000000086e00000|  0%| F|  |TAMS 0x0000000086d00000, 0x0000000086d00000| Untracked 
|  82|0x0000000086e00000, 0x0000000086e00000, 0x0000000086f00000|  0%| F|  |TAMS 0x0000000086e00000, 0x0000000086e00000| Untracked 
|  83|0x0000000086f00000, 0x0000000086f00000, 0x0000000087000000|  0%| F|  |TAMS 0x0000000086f00000, 0x0000000086f00000| Untracked 
|  84|0x0000000087000000, 0x0000000087000000, 0x0000000087100000|  0%| F|  |TAMS 0x0000000087000000, 0x0000000087000000| Untracked 
|  85|0x0000000087100000, 0x0000000087100000, 0x0000000087200000|  0%| F|  |TAMS 0x0000000087100000, 0x0000000087100000| Untracked 
|  86|0x0000000087200000, 0x0000000087200000, 0x0000000087300000|  0%| F|  |TAMS 0x0000000087200000, 0x0000000087200000| Untracked 
|  87|0x0000000087300000, 0x0000000087300000, 0x0000000087400000|  0%| F|  |TAMS 0x0000000087300000, 0x0000000087300000| Untracked 
|  88|0x0000000087400000, 0x0000000087400000, 0x0000000087500000|  0%| F|  |TAMS 0x0000000087400000, 0x0000000087400000| Untracked 
|  89|0x0000000087500000, 0x0000000087500000, 0x0000000087600000|  0%| F|  |TAMS 0x0000000087500000, 0x0000000087500000| Untracked 
|  90|0x0000000087600000, 0x0000000087600000, 0x0000000087700000|  0%| F|  |TAMS 0x0000000087600000, 0x0000000087600000| Untracked 
|  91|0x0000000087700000, 0x0000000087700000, 0x0000000087800000|  0%| F|  |TAMS 0x0000000087700000, 0x0000000087700000| Untracked 
|  92|0x0000000087800000, 0x0000000087800000, 0x0000000087900000|  0%| F|  |TAMS 0x0000000087800000, 0x0000000087800000| Untracked 
|  93|0x0000000087900000, 0x0000000087900000, 0x0000000087a00000|  0%| F|  |TAMS 0x0000000087900000, 0x0000000087900000| Untracked 
|  94|0x0000000087a00000, 0x0000000087a00000, 0x0000000087b00000|  0%| F|  |TAMS 0x0000000087a00000, 0x0000000087a00000| Untracked 
|  95|0x0000000087b00000, 0x0000000087b00000, 0x0000000087c00000|  0%| F|  |TAMS 0x0000000087b00000, 0x0000000087b00000| Untracked 
|  96|0x0000000087c00000, 0x0000000087c00000, 0x0000000087d00000|  0%| F|  |TAMS 0x0000000087c00000, 0x0000000087c00000| Untracked 
|  97|0x0000000087d00000, 0x0000000087d00000, 0x0000000087e00000|  0%| F|  |TAMS 0x0000000087d00000, 0x0000000087d00000| Untracked 
|  98|0x0000000087e00000, 0x0000000087e00000, 0x0000000087f00000|  0%| F|  |TAMS 0x0000000087e00000, 0x0000000087e00000| Untracked 
|  99|0x0000000087f00000, 0x0000000087f69000, 0x0000000088000000| 41%| E|  |TAMS 0x0000000087f00000, 0x0000000087f00000| Complete 
| 100|0x0000000088000000, 0x0000000088100000, 0x0000000088100000|100%| E|CS|TAMS 0x0000000088000000, 0x0000000088000000| Complete 
| 101|0x0000000088100000, 0x0000000088200000, 0x0000000088200000|100%| E|CS|TAMS 0x0000000088100000, 0x0000000088100000| Complete 
| 102|0x0000000088200000, 0x0000000088300000, 0x0000000088300000|100%| S|CS|TAMS 0x0000000088200000, 0x0000000088200000| Complete 
| 103|0x0000000088300000, 0x0000000088400000, 0x0000000088400000|100%| S|CS|TAMS 0x0000000088300000, 0x0000000088300000| Complete 
| 104|0x0000000088400000, 0x0000000088500000, 0x0000000088500000|100%| S|CS|TAMS 0x0000000088400000, 0x0000000088400000| Complete 
| 105|0x0000000088500000, 0x0000000088600000, 0x0000000088600000|100%| E|CS|TAMS 0x0000000088500000, 0x0000000088500000| Complete 
| 106|0x0000000088600000, 0x0000000088700000, 0x0000000088700000|100%| E|CS|TAMS 0x0000000088600000, 0x0000000088600000| Complete 
| 107|0x0000000088700000, 0x0000000088800000, 0x0000000088800000|100%| E|CS|TAMS 0x0000000088700000, 0x0000000088700000| Complete 
| 108|0x0000000088800000, 0x0000000088900000, 0x0000000088900000|100%| E|CS|TAMS 0x0000000088800000, 0x0000000088800000| Complete 
| 109|0x0000000088900000, 0x0000000088a00000, 0x0000000088a00000|100%| E|CS|TAMS 0x0000000088900000, 0x0000000088900000| Complete 
| 110|0x0000000088a00000, 0x0000000088b00000, 0x0000000088b00000|100%| E|CS|TAMS 0x0000000088a00000, 0x0000000088a00000| Complete 
| 111|0x0000000088b00000, 0x0000000088c00000, 0x0000000088c00000|100%| E|CS|TAMS 0x0000000088b00000, 0x0000000088b00000| Complete 
| 112|0x0000000088c00000, 0x0000000088d00000, 0x0000000088d00000|100%| E|CS|TAMS 0x0000000088c00000, 0x0000000088c00000| Complete 
| 113|0x0000000088d00000, 0x0000000088e00000, 0x0000000088e00000|100%| E|CS|TAMS 0x0000000088d00000, 0x0000000088d00000| Complete 
| 114|0x0000000088e00000, 0x0000000088f00000, 0x0000000088f00000|100%| E|CS|TAMS 0x0000000088e00000, 0x0000000088e00000| Complete 
| 115|0x0000000088f00000, 0x0000000089000000, 0x0000000089000000|100%| E|CS|TAMS 0x0000000088f00000, 0x0000000088f00000| Complete 
| 116|0x0000000089000000, 0x0000000089100000, 0x0000000089100000|100%| E|CS|TAMS 0x0000000089000000, 0x0000000089000000| Complete 
| 117|0x0000000089100000, 0x0000000089200000, 0x0000000089200000|100%| E|CS|TAMS 0x0000000089100000, 0x0000000089100000| Complete 
| 118|0x0000000089200000, 0x0000000089300000, 0x0000000089300000|100%| E|CS|TAMS 0x0000000089200000, 0x0000000089200000| Complete 
| 119|0x0000000089300000, 0x0000000089400000, 0x0000000089400000|100%| E|CS|TAMS 0x0000000089300000, 0x0000000089300000| Complete 
| 120|0x0000000089400000, 0x0000000089500000, 0x0000000089500000|100%| E|CS|TAMS 0x0000000089400000, 0x0000000089400000| Complete 
| 121|0x0000000089500000, 0x0000000089600000, 0x0000000089600000|100%| E|CS|TAMS 0x0000000089500000, 0x0000000089500000| Complete 
| 122|0x0000000089600000, 0x0000000089700000, 0x0000000089700000|100%| E|CS|TAMS 0x0000000089600000, 0x0000000089600000| Complete 
| 123|0x0000000089700000, 0x0000000089800000, 0x0000000089800000|100%| E|CS|TAMS 0x0000000089700000, 0x0000000089700000| Complete 
| 124|0x0000000089800000, 0x0000000089900000, 0x0000000089900000|100%| E|CS|TAMS 0x0000000089800000, 0x0000000089800000| Complete 
| 125|0x0000000089900000, 0x0000000089a00000, 0x0000000089a00000|100%| E|CS|TAMS 0x0000000089900000, 0x0000000089900000| Complete 
| 126|0x0000000089a00000, 0x0000000089b00000, 0x0000000089b00000|100%| E|CS|TAMS 0x0000000089a00000, 0x0000000089a00000| Complete 
| 127|0x0000000089b00000, 0x0000000089c00000, 0x0000000089c00000|100%| E|CS|TAMS 0x0000000089b00000, 0x0000000089b00000| Complete 

Card table byte_map: [0x00000230fb440000,0x00000230fb840000] _byte_map_base: 0x00000230fb032000

Marking Bits (Prev, Next): (CMBitMap*) 0x00000230e35b2d98, (CMBitMap*) 0x00000230e35b2dd8
 Prev Bits: [0x00000230fbc40000, 0x00000230fdbd0000)
 Next Bits: [0x00000230fdbd0000, 0x00000230ffb60000)

Polling page: 0x00000230e12b0000

Metaspace:

Usage:
  Non-class:     13.58 MB capacity,    13.33 MB ( 98%) used,   223.86 KB (  2%) free+waste,    36.19 KB ( <1%) overhead. 
      Class:      1.85 MB capacity,     1.67 MB ( 90%) used,   164.02 KB (  9%) free+waste,    19.94 KB (  1%) overhead. 
       Both:     15.43 MB capacity,    15.00 MB ( 97%) used,   387.88 KB (  2%) free+waste,    56.13 KB ( <1%) overhead. 

Virtual space:
  Non-class space:       14.00 MB reserved,      13.75 MB ( 98%) committed 
      Class space:        1.00 GB reserved,       1.88 MB ( <1%) committed 
             Both:        1.01 GB reserved,      15.63 MB (  2%) committed 

Chunk freelists:
   Non-Class:  44.00 KB
       Class:  28.00 KB
        Both:  72.00 KB

MaxMetaspaceSize: 17179869184.00 GB
CompressedClassSpaceSize: 1.00 GB

CodeHeap 'non-profiled nmethods': size=120000Kb used=678Kb max_used=678Kb free=119321Kb
 bounds [0x00000230f37e0000, 0x00000230f3a50000, 0x00000230fad10000]
CodeHeap 'profiled nmethods': size=120000Kb used=3244Kb max_used=3244Kb free=116755Kb
 bounds [0x00000230ec2b0000, 0x00000230ec5e0000, 0x00000230f37e0000]
CodeHeap 'non-nmethods': size=5760Kb used=1426Kb max_used=1429Kb free=4334Kb
 bounds [0x00000230ebd10000, 0x00000230ebf80000, 0x00000230ec2b0000]
 total_blobs=2967 nmethods=1732 adapters=558
 compilation: enabled
              stopped_count=0, restarted_count=0
 full_count=0

Compilation events (20 events):
Event: 4.055 Thread 0x0000023082638000 1733       3       sun.awt.AWTAutoShutdown::isReadyToShutdown (37 bytes)
Event: 4.055 Thread 0x0000023082638000 nmethod 1733 0x00000230ec5d7890 code [0x00000230ec5d7a40, 0x00000230ec5d7dd8]
Event: 4.062 Thread 0x0000023082638000 1734       2       java.util.HashSet::add (20 bytes)
Event: 4.063 Thread 0x0000023082638000 nmethod 1734 0x00000230ec5d7f10 code [0x00000230ec5d80c0, 0x00000230ec5d8228]
Event: 4.064 Thread 0x0000023082638000 1735       3       java.awt.Component::getCursor_NoClientCode (30 bytes)
Event: 4.064 Thread 0x0000023082638000 nmethod 1735 0x00000230ec5d8310 code [0x00000230ec5d84e0, 0x00000230ec5d8848]
Event: 4.072 Thread 0x0000023082638000 1736       3       java.util.IdentityHashMap::isEmpty (13 bytes)
Event: 4.072 Thread 0x0000023082638000 nmethod 1736 0x00000230ec5d8990 code [0x00000230ec5d8b20, 0x00000230ec5d8c98]
Event: 4.086 Thread 0x0000023082638000 1737       3       java.security.AccessController::getContext (23 bytes)
Event: 4.086 Thread 0x0000023082638000 nmethod 1737 0x00000230ec5d8d10 code [0x00000230ec5d8ee0, 0x00000230ec5d91b8]
Event: 4.111 Thread 0x0000023082638000 1739   !   3       sun.awt.AWTAutoShutdown::setToolkitBusy (124 bytes)
Event: 4.112 Thread 0x0000023082638000 nmethod 1739 0x00000230ec5d9310 code [0x00000230ec5d9520, 0x00000230ec5d9d28]
Event: 4.118 Thread 0x0000023082638000 1740       3       java.awt.Container::getChildAt (54 bytes)
Event: 4.119 Thread 0x0000023082638000 nmethod 1740 0x00000230ec5da090 code [0x00000230ec5da260, 0x00000230ec5da7f8]
Event: 4.150 Thread 0x0000023082638000 1741       1       java.security.AccessControlContext::getCombiner (5 bytes)
Event: 4.151 Thread 0x0000023082638000 nmethod 1741 0x00000230f3889410 code [0x00000230f38895a0, 0x00000230f3889678]
Event: 4.151 Thread 0x0000023082638000 1742       1       java.security.AccessControlContext::getContext (5 bytes)
Event: 4.151 Thread 0x0000023082638000 nmethod 1742 0x00000230f3889710 code [0x00000230f38898a0, 0x00000230f3889978]
Event: 4.166 Thread 0x0000023082638000 1743       3       java.security.AccessControlContext::calculateFields (89 bytes)
Event: 4.167 Thread 0x0000023082638000 nmethod 1743 0x00000230ec5da990 code [0x00000230ec5dab60, 0x00000230ec5dafb8]

GC Heap History (2 events):
Event: 2.949 GC heap before
{Heap before GC invocations=0 (full 0):
 garbage-first heap   total 131072K, used 22528K [0x0000000081c00000, 0x0000000100000000)
  region size 1024K, 23 young (23552K), 0 survivors (0K)
 Metaspace       used 9642K, capacity 10007K, committed 10240K, reserved 1058816K
  class space    used 1050K, capacity 1215K, committed 1280K, reserved 1048576K
}
Event: 2.956 GC heap after
{Heap after GC invocations=1 (full 0):
 garbage-first heap   total 131072K, used 3319K [0x0000000081c00000, 0x0000000100000000)
  region size 1024K, 3 young (3072K), 3 survivors (3072K)
 Metaspace       used 9642K, capacity 10007K, committed 10240K, reserved 1058816K
  class space    used 1050K, capacity 1215K, committed 1280K, reserved 1048576K
}

Deoptimization events (20 events):
Event: 3.241 Thread 0x00000230e356f800 DEOPT PACKING pc=0x00000230f3861cd0 sp=0x000000cf988fc490
Event: 3.241 Thread 0x00000230e356f800 DEOPT UNPACKING pc=0x00000230ebd5912f sp=0x000000cf988fc468 mode 2
Event: 3.242 Thread 0x00000230e356f800 Uncommon trap: trap_request=0xffffffbe fr.pc=0x00000230f3861cd0 relative=0x0000000000001570
Event: 3.242 Thread 0x00000230e356f800 Uncommon trap: reason=profile_predicate action=maybe_recompile pc=0x00000230f3861cd0 method=org.eclipse.jdt.launching.internal.org.objectweb.asm.ByteVector.encodeUtf8(Ljava/lang/String;II)Lorg/eclipse/jdt/launching/internal/org/objectweb/asm/ByteVector; @
Event: 3.242 Thread 0x00000230e356f800 DEOPT PACKING pc=0x00000230f3861cd0 sp=0x000000cf988f8810
Event: 3.242 Thread 0x00000230e356f800 DEOPT UNPACKING pc=0x00000230ebd5912f sp=0x000000cf988f87e8 mode 2
Event: 3.307 Thread 0x00000230e356f800 Uncommon trap: trap_request=0xffffff45 fr.pc=0x00000230f381fb40 relative=0x00000000000000a0
Event: 3.307 Thread 0x00000230e356f800 Uncommon trap: reason=unstable_if action=reinterpret pc=0x00000230f381fb40 method=java.util.HashMap.hash(Ljava/lang/Object;)I @ 1 c2
Event: 3.307 Thread 0x00000230e356f800 DEOPT PACKING pc=0x00000230f381fb40 sp=0x000000cf988fea50
Event: 3.307 Thread 0x00000230e356f800 DEOPT UNPACKING pc=0x00000230ebd5912f sp=0x000000cf988fe9e8 mode 2
Event: 3.330 Thread 0x00000230837dd000 Uncommon trap: trap_request=0xffffffde fr.pc=0x00000230f3826fb0 relative=0x0000000000000fd0
Event: 3.330 Thread 0x00000230837dd000 Uncommon trap: reason=class_check action=maybe_recompile pc=0x00000230f3826fb0 method=java.util.HashMap.putVal(ILjava/lang/Object;Ljava/lang/Object;ZZ)Ljava/lang/Object; @ 91 c2
Event: 3.330 Thread 0x00000230837dd000 DEOPT PACKING pc=0x00000230f3826fb0 sp=0x000000cf9a0fe0c0
Event: 3.330 Thread 0x00000230837dd000 DEOPT UNPACKING pc=0x00000230ebd5912f sp=0x000000cf9a0fe080 mode 2
Event: 3.330 Thread 0x00000230837dd000 Uncommon trap: trap_request=0xffffffde fr.pc=0x00000230f3826fb0 relative=0x0000000000000fd0
Event: 3.330 Thread 0x00000230837dd000 Uncommon trap: reason=class_check action=maybe_recompile pc=0x00000230f3826fb0 method=java.util.HashMap.putVal(ILjava/lang/Object;Ljava/lang/Object;ZZ)Ljava/lang/Object; @ 91 c2
Event: 3.330 Thread 0x00000230837dd000 DEOPT PACKING pc=0x00000230f3826fb0 sp=0x000000cf9a0fe0c0
Event: 3.330 Thread 0x00000230837dd000 DEOPT UNPACKING pc=0x00000230ebd5912f sp=0x000000cf9a0fe080 mode 2
Event: 3.347 Thread 0x00000230837dd000 DEOPT PACKING pc=0x00000230ec536ec7 sp=0x000000cf9a0fd640
Event: 3.347 Thread 0x00000230837dd000 DEOPT UNPACKING pc=0x00000230ebd5964e sp=0x000000cf9a0fcae8 mode 3

Classes unloaded (0 events):
No events

Classes redefined (0 events):
No events

Internal exceptions (19 events):
Event: 0.231 Thread 0x00000230e356f800 Exception <a 'java/lang/NoSuchMethodError'{0x0000000089bb4468}: 'void java.lang.invoke.DirectMethodHandle$Holder.invokeSpecial(java.lang.Object, java.lang.Object, java.lang.Object, java.lang.Object)'> (0x0000000089bb4468) 
thrown [./open/src/hotspot/share/interpreter/linkResolver.cpp, line 766]
Event: 0.301 Thread 0x00000230e356f800 Exception <a 'java/lang/NoSuchMethodError'{0x0000000089a29228}: 'int java.lang.invoke.DirectMethodHandle$Holder.invokeSpecialIFC(java.lang.Object, java.lang.Object, int)'> (0x0000000089a29228) 
thrown [./open/src/hotspot/share/interpreter/linkResolver.cpp, line 766]
Event: 0.364 Thread 0x00000230e356f800 Exception <a 'java/lang/NoSuchMethodError'{0x0000000089923340}: 'void java.lang.invoke.DirectMethodHandle$Holder.invokeSpecial(java.lang.Object, java.lang.Object, java.lang.Object, java.lang.Object, java.lang.Object)'> (0x0000000089923340) 
thrown [./open/src/hotspot/share/interpreter/linkResolver.cpp, line 766]
Event: 0.369 Thread 0x00000230e356f800 Exception <a 'java/lang/IncompatibleClassChangeError'{0x0000000089934620}: Found class java.lang.Object, but interface was expected> (0x0000000089934620) 
thrown [./open/src/hotspot/share/interpreter/linkResolver.cpp, line 832]
Event: 0.370 Thread 0x00000230e356f800 Exception <a 'java/lang/NoSuchMethodError'{0x0000000089937018}: 'void java.lang.invoke.DirectMethodHandle$Holder.invokeStatic(java.lang.Object, java.lang.Object, java.lang.Object, java.lang.Object)'> (0x0000000089937018) 
thrown [./open/src/hotspot/share/interpreter/linkResolver.cpp, line 766]
Event: 2.203 Thread 0x00000230e356f800 Exception <a 'java/lang/ClassNotFoundException'{0x00000000895a9288}: sun/awt/resources/spi/awtProvider> (0x00000000895a9288) 
thrown [./open/src/hotspot/share/classfile/systemDictionary.cpp, line 226]
Event: 2.231 Thread 0x00000230e356f800 Exception <a 'java/io/FileNotFoundException'{0x000000008940d1e8}> (0x000000008940d1e8) 
thrown [./open/src/hotspot/share/prims/jni.cpp, line 599]
Event: 2.242 Thread 0x00000230e356f800 Exception <a 'java/io/FileNotFoundException'{0x0000000089435698}> (0x0000000089435698) 
thrown [./open/src/hotspot/share/prims/jni.cpp, line 599]
Event: 2.396 Thread 0x00000230837dd000 Exception <a 'java/lang/NoSuchMethodError'{0x00000000893863b8}: 'void java.lang.invoke.DirectMethodHandle$Holder.invokeSpecial(java.lang.Object, java.lang.Object)'> (0x00000000893863b8) 
thrown [./open/src/hotspot/share/interpreter/linkResolver.cpp, line 766]
Event: 2.527 Thread 0x00000230e356f800 Exception <a 'java/lang/NoSuchMethodError'{0x00000000892cfa48}: 'java.lang.Object java.lang.invoke.DirectMethodHandle$Holder.invokeStatic(java.lang.Object, int, java.lang.Object, java.lang.Object, java.lang.Object, java.lang.Object)'> (0x00000000892cfa48) 
thrown [./open/src/hotspot/share/interpreter/linkResolver.cpp, line 766]
Event: 2.529 Thread 0x00000230e356f800 Exception <a 'java/lang/NoSuchMethodError'{0x00000000892d6368}: 'java.lang.Object java.lang.invoke.DirectMethodHandle$Holder.invokeStatic(java.lang.Object, int, java.lang.Object, java.lang.Object, java.lang.Object)'> (0x00000000892d6368) 
thrown [./open/src/hotspot/share/interpreter/linkResolver.cpp, line 766]
Event: 2.530 Thread 0x00000230e356f800 Exception <a 'java/lang/NoSuchMethodError'{0x00000000892d9bb8}: 'java.lang.Object java.lang.invoke.DirectMethodHandle$Holder.invokeSpecial(java.lang.Object, java.lang.Object, int, java.lang.Object, java.lang.Object, java.lang.Object)'> (0x00000000892d9bb8) 
thrown [./open/src/hotspot/share/interpreter/linkResolver.cpp, line 766]
Event: 2.540 Thread 0x00000230e356f800 Exception <a 'java/lang/NoSuchMethodError'{0x00000000892f0590}: 'java.lang.Object java.lang.invoke.DirectMethodHandle$Holder.invokeStatic(java.lang.Object, int, java.lang.Object)'> (0x00000000892f0590) 
thrown [./open/src/hotspot/share/interpreter/linkResolver.cpp, line 766]
Event: 2.630 Thread 0x00000230e356f800 Exception <a 'java/lang/ClassNotFoundException'{0x00000000891a3248}: com/sun/swing/internal/plaf/metal/resources/spi/metalProvider> (0x00000000891a3248) 
thrown [./open/src/hotspot/share/classfile/systemDictionary.cpp, line 226]
Event: 2.633 Thread 0x00000230e356f800 Exception <a 'java/lang/ClassNotFoundException'{0x00000000891a9af0}: com/sun/swing/internal/plaf/basic/resources/spi/basicProvider> (0x00000000891a9af0) 
thrown [./open/src/hotspot/share/classfile/systemDictionary.cpp, line 226]
Event: 2.854 Thread 0x00000230e356f800 Exception <a 'java/lang/NoSuchMethodError'{0x0000000088b04c10}: 'java.lang.Object java.lang.invoke.DirectMethodHandle$Holder.invokeVirtual(java.lang.Object, java.lang.Object, java.lang.Object)'> (0x0000000088b04c10) 
thrown [./open/src/hotspot/share/interpreter/linkResolver.cpp, line 766]
Event: 3.307 Thread 0x00000230e356f800 Implicit null exception at 0x00000230f381faaf to 0x00000230f381fb31
Event: 3.375 Thread 0x00000230e356f800 Exception <a 'java/lang/NoSuchMethodError'{0x00000000885dd5a0}: 'void java.lang.invoke.DirectMethodHandle$Holder.invokeStaticInit(java.lang.Object)'> (0x00000000885dd5a0) 
thrown [./open/src/hotspot/share/interpreter/linkResolver.cpp, line 766]
Event: 3.409 Thread 0x00000230e356f800 Exception <a 'java/lang/NoSuchMethodError'{0x000000008817c678}: 'java.lang.Object java.lang.invoke.Invokers$Holder.linkToTargetMethod(java.lang.Object, int, java.lang.Object)'> (0x000000008817c678) 
thrown [./open/src/hotspot/share/interpreter/linkResolver.cpp, line 766]

Events (20 events):
Event: 3.731 loading class java/text/AttributedString done
Event: 3.732 loading class java/text/AttributedString$AttributedStringIterator
Event: 3.732 loading class java/text/AttributedCharacterIterator
Event: 3.732 loading class java/text/AttributedCharacterIterator done
Event: 3.732 loading class java/text/AttributedString$AttributedStringIterator done
Event: 3.914 Thread 0x000002308394c000 Thread exited: 0x000002308394c000
Event: 4.119 Executing VM operation: HandshakeOneThread
Event: 4.119 Executing VM operation: HandshakeOneThread done
Event: 4.136 loading class java/awt/event/MouseWheelEvent
Event: 4.136 loading class java/awt/event/MouseWheelEvent done
Event: 4.174 loading class java/awt/LightweightDispatcher$2
Event: 4.174 loading class java/awt/LightweightDispatcher$2 done
Event: 4.636 loading class javax/swing/Timer$1
Event: 4.636 loading class javax/swing/Timer$1 done
Event: 4.767 Executing VM operation: HandshakeOneThread
Event: 4.767 Executing VM operation: HandshakeOneThread done
Event: 4.767 loading class java/awt/KeyboardFocusManager$2
Event: 4.767 loading class java/awt/KeyboardFocusManager$2 done
Event: 4.767 loading class sun/awt/SunToolkit$1
Event: 4.767 loading class sun/awt/SunToolkit$1 done


Dynamic libraries:
0x00007ff764fc0000 - 0x00007ff764fcf000 	C:\Program Files\Java\jdk-14.0.1\bin\javaw.exe
0x00007ff833d10000 - 0x00007ff833efd000 	C:\WINDOWS\SYSTEM32\ntdll.dll
0x00007ff832d40000 - 0x00007ff832df3000 	C:\WINDOWS\System32\KERNEL32.DLL
0x00007ff830930000 - 0x00007ff830bc5000 	C:\WINDOWS\System32\KERNELBASE.dll
0x00007ff82fe80000 - 0x00007ff82ff7a000 	C:\WINDOWS\System32\ucrtbase.dll
0x00007ff80cdf0000 - 0x00007ff80ce05000 	C:\Program Files\Java\jdk-14.0.1\bin\VCRUNTIME140.dll
0x00007ff80cdd0000 - 0x00007ff80cde8000 	C:\Program Files\Java\jdk-14.0.1\bin\jli.dll
0x00007ff833ac0000 - 0x00007ff833b63000 	C:\WINDOWS\System32\ADVAPI32.dll
0x00007ff8336b0000 - 0x00007ff83374e000 	C:\WINDOWS\System32\msvcrt.dll
0x00007ff832810000 - 0x00007ff8328ae000 	C:\WINDOWS\System32\sechost.dll
0x00007ff833580000 - 0x00007ff8336a2000 	C:\WINDOWS\System32\RPCRT4.dll
0x00007ff831160000 - 0x00007ff8312f7000 	C:\WINDOWS\System32\USER32.dll
0x00007ff82ff80000 - 0x00007ff82ffa0000 	C:\WINDOWS\System32\win32u.dll
0x00007ff812fc0000 - 0x00007ff813239000 	C:\WINDOWS\WinSxS\amd64_microsoft.windows.common-controls_6595b64144ccf1df_6.0.17763.1282_none_de75b6f253473c0f\COMCTL32.dll
0x00007ff833550000 - 0x00007ff833579000 	C:\WINDOWS\System32\GDI32.dll
0x00007ff8328d0000 - 0x00007ff832bfc000 	C:\WINDOWS\System32\combase.dll
0x00007ff830040000 - 0x00007ff8301da000 	C:\WINDOWS\System32\gdi32full.dll
0x00007ff830c20000 - 0x00007ff830cc0000 	C:\WINDOWS\System32\msvcp_win.dll
0x00007ff82ffc0000 - 0x00007ff83003e000 	C:\WINDOWS\System32\bcryptPrimitives.dll
0x00007ff8234c0000 - 0x00007ff8234ca000 	C:\WINDOWS\SYSTEM32\VERSION.dll
0x00007ff8339c0000 - 0x00007ff8339ee000 	C:\WINDOWS\System32\IMM32.DLL
0x00007ff809410000 - 0x00007ff8094ab000 	C:\Program Files\Java\jdk-14.0.1\bin\msvcp140.dll
0x00007fffc8800000 - 0x00007fffc931e000 	C:\Program Files\Java\jdk-14.0.1\bin\server\jvm.dll
0x00007ff831300000 - 0x00007ff831308000 	C:\WINDOWS\System32\PSAPI.DLL
0x00007ff82cdc0000 - 0x00007ff82cde4000 	C:\WINDOWS\SYSTEM32\WINMM.dll
0x00007ff81b140000 - 0x00007ff81b149000 	C:\WINDOWS\SYSTEM32\WSOCK32.dll
0x00007ff8310f0000 - 0x00007ff83115d000 	C:\WINDOWS\System32\WS2_32.dll
0x00007ff82cbc0000 - 0x00007ff82cbed000 	C:\WINDOWS\SYSTEM32\WINMMBASE.dll
0x00007ff830bd0000 - 0x00007ff830c1a000 	C:\WINDOWS\System32\cfgmgr32.dll
0x00007ff82fd00000 - 0x00007ff82fd11000 	C:\WINDOWS\System32\kernel.appcore.dll
0x00007ff82bda0000 - 0x00007ff82bdaa000 	C:\Program Files\Java\jdk-14.0.1\bin\jimage.dll
0x00007ff82e670000 - 0x00007ff82e85d000 	C:\WINDOWS\SYSTEM32\DBGHELP.DLL
0x00007ff818080000 - 0x00007ff8180aa000 	C:\WINDOWS\SYSTEM32\dbgcore.DLL
0x00007ff80cd90000 - 0x00007ff80cdc8000 	C:\Program Files\Java\jdk-14.0.1\bin\jdwp.dll
0x00007ff822e80000 - 0x00007ff822ea5000 	C:\Program Files\Java\jdk-14.0.1\bin\java.dll
0x00007ff813b80000 - 0x00007ff813b8e000 	C:\Program Files\Java\jdk-14.0.1\bin\instrument.dll
0x00007ff82b720000 - 0x00007ff82b736000 	C:\Program Files\Java\jdk-14.0.1\bin\zip.dll
0x00007ff831310000 - 0x00007ff832808000 	C:\WINDOWS\System32\SHELL32.dll
0x00007ff832ec0000 - 0x00007ff832f68000 	C:\WINDOWS\System32\shcore.dll
0x00007ff8301e0000 - 0x00007ff83092f000 	C:\WINDOWS\System32\windows.storage.dll
0x00007ff82fda0000 - 0x00007ff82fdc4000 	C:\WINDOWS\System32\profapi.dll
0x00007ff82fd40000 - 0x00007ff82fd9d000 	C:\WINDOWS\System32\powrprof.dll
0x00007ff833750000 - 0x00007ff8337a2000 	C:\WINDOWS\System32\shlwapi.dll
0x00007ff82ffa0000 - 0x00007ff82ffb7000 	C:\WINDOWS\System32\cryptsp.dll
0x00007ff8239a0000 - 0x00007ff8239b9000 	C:\Program Files\Java\jdk-14.0.1\bin\net.dll
0x00007ff825550000 - 0x00007ff825642000 	C:\WINDOWS\SYSTEM32\WINHTTP.dll
0x00007ff82f560000 - 0x00007ff82f5c7000 	C:\WINDOWS\system32\mswsock.dll
0x00007ff822e60000 - 0x00007ff822e72000 	C:\Program Files\Java\jdk-14.0.1\bin\nio.dll
0x00007ff813660000 - 0x00007ff81366b000 	C:\Program Files\Java\jdk-14.0.1\bin\dt_socket.dll
0x00007ff82f280000 - 0x00007ff82f2bd000 	C:\WINDOWS\SYSTEM32\IPHLPAPI.DLL
0x00007ff82f2c0000 - 0x00007ff82f387000 	C:\WINDOWS\SYSTEM32\DNSAPI.dll
0x00007ff8310e0000 - 0x00007ff8310e8000 	C:\WINDOWS\System32\NSI.dll
0x00007ff821d80000 - 0x00007ff821d8a000 	C:\Windows\System32\rasadhlp.dll
0x00007ff821d90000 - 0x00007ff821e09000 	C:\WINDOWS\System32\fwpuclnt.dll
0x00007ff830f00000 - 0x00007ff830f26000 	C:\WINDOWS\System32\bcrypt.dll
0x00007ff822e50000 - 0x00007ff822e60000 	C:\Program Files\Java\jdk-14.0.1\bin\verify.dll
0x00007ff812e20000 - 0x00007ff812fb8000 	C:\Program Files\Java\jdk-14.0.1\bin\awt.dll
0x00007ff8339f0000 - 0x00007ff833ab4000 	C:\WINDOWS\System32\OLEAUT32.dll
0x00007ff82d460000 - 0x00007ff82d4ec000 	C:\WINDOWS\SYSTEM32\apphelp.dll
0x00007ff82df10000 - 0x00007ff82df3e000 	C:\WINDOWS\system32\DWMAPI.DLL
0x00007ff830cc0000 - 0x00007ff830e9c000 	C:\WINDOWS\System32\CRYPT32.dll
0x00007ff82fd20000 - 0x00007ff82fd32000 	C:\WINDOWS\System32\MSASN1.dll
0x00007ff82d790000 - 0x00007ff82d82c000 	C:\WINDOWS\system32\uxtheme.dll
0x00007ff80a910000 - 0x00007ff80aa37000 	C:\WINDOWS\system32\opengl32.dll
0x00007ff80aae0000 - 0x00007ff80ab0c000 	C:\WINDOWS\SYSTEM32\GLU32.dll
0x00007ff833b70000 - 0x00007ff833cdd000 	C:\WINDOWS\System32\MSCTF.dll
0x00007ff832f70000 - 0x00007ff8330c5000 	C:\WINDOWS\System32\ole32.dll
0x00007ff80ab70000 - 0x00007ff80ab95000 	C:\Program Files\Java\jdk-14.0.1\bin\sunec.dll
0x00007ff81cb80000 - 0x00007ff81cb8e000 	C:\Program Files\Java\jdk-14.0.1\bin\sunmscapi.dll
0x00007ff82f830000 - 0x00007ff82f856000 	C:\WINDOWS\SYSTEM32\ncrypt.dll
0x00007ff82f7f0000 - 0x00007ff82f82c000 	C:\WINDOWS\SYSTEM32\NTASN1.dll
0x00007ff81cbc0000 - 0x00007ff81cc42000 	C:\Program Files\Java\jdk-14.0.1\bin\freetype.dll
0x00007ff813bf0000 - 0x00007ff813c96000 	C:\Program Files\Java\jdk-14.0.1\bin\fontmanager.dll
0x00007ff82aab0000 - 0x00007ff82ac68000 	C:\WINDOWS\SYSTEM32\WindowsCodecs.dll
0x00007ff80b030000 - 0x00007ff80b086000 	C:\WINDOWS\system32\dataexchange.dll
0x00007ff82c880000 - 0x00007ff82cafe000 	C:\WINDOWS\system32\d3d11.dll
0x00007ff82cbf0000 - 0x00007ff82cdb3000 	C:\WINDOWS\system32\dcomp.dll
0x00007ff82ea10000 - 0x00007ff82ead2000 	C:\WINDOWS\system32\dxgi.dll
0x00007ff82d830000 - 0x00007ff82da44000 	C:\WINDOWS\system32\twinapi.appcore.dll
0x00007ff82dec0000 - 0x00007ff82dee8000 	C:\WINDOWS\system32\RMCLIENT.dll
0x00007ff820dd0000 - 0x00007ff820e65000 	C:\WINDOWS\System32\TextInputFramework.dll
0x00007ff82ae60000 - 0x00007ff82b182000 	C:\WINDOWS\System32\CoreUIComponents.dll
0x00007ff82d150000 - 0x00007ff82d232000 	C:\WINDOWS\System32\CoreMessaging.dll
0x00007ff82ed60000 - 0x00007ff82ed91000 	C:\WINDOWS\SYSTEM32\ntmarta.dll
0x00007ff82ad00000 - 0x00007ff82ae53000 	C:\WINDOWS\SYSTEM32\wintypes.dll

dbghelp: loaded successfully - version: 4.0.5 - missing functions: none
symbol engine: initialized successfully - sym options: 0x614 - pdb path: .;C:\Program Files\Java\jdk-14.0.1\bin;C:\WINDOWS\SYSTEM32;C:\WINDOWS\WinSxS\amd64_microsoft.windows.common-controls_6595b64144ccf1df_6.0.17763.1282_none_de75b6f253473c0f;C:\Program Files\Java\jdk-14.0.1\bin\server

VM Arguments:
jvm_args: -agentlib:jdwp=transport=dt_socket,suspend=y,address=localhost:50685 -javaagent:C:\Users\asjb2\eclipse\java-2020-03\eclipse\configuration\org.eclipse.osgi\223\0\.cp\lib\javaagent-shaded.jar -Dfile.encoding=Cp1252 --module-path=C:\Program Files\Java\mysql-connector-java-8.0.22\mysql-connector-java-8.0.22.jar 
java_command: university.management.system.StudentDetails
java_class_path (initial): C:\Users\asjb2\Desktop\Projects\OOPS\University\University-Management-System\University Management System\build\classes;C:\Program Files\Java\rs2xml.jar
Launcher Type: SUN_STANDARD

[Global flags]
     intx CICompilerCount                          = 4                                         {product} {ergonomic}
     uint ConcGCThreads                            = 2                                         {product} {ergonomic}
     uint G1ConcRefinementThreads                  = 8                                         {product} {ergonomic}
   size_t G1HeapRegionSize                         = 1048576                                   {product} {ergonomic}
    uintx GCDrainStackTargetSize                   = 64                                        {product} {ergonomic}
   size_t InitialHeapSize                          = 134217728                                 {product} {ergonomic}
   size_t MarkStackSize                            = 4194304                                   {product} {ergonomic}
   size_t MaxHeapSize                              = 2118123520                                {product} {ergonomic}
   size_t MaxNewSize                               = 1270874112                                {product} {ergonomic}
   size_t MinHeapDeltaBytes                        = 1048576                                   {product} {ergonomic}
   size_t MinHeapSize                              = 8388608                                   {product} {ergonomic}
    uintx NonNMethodCodeHeapSize                   = 5839372                                {pd product} {ergonomic}
    uintx NonProfiledCodeHeapSize                  = 122909434                              {pd product} {ergonomic}
    uintx ProfiledCodeHeapSize                     = 122909434                              {pd product} {ergonomic}
    uintx ReservedCodeCacheSize                    = 251658240                              {pd product} {ergonomic}
     bool SegmentedCodeCache                       = true                                      {product} {ergonomic}
   size_t SoftMaxHeapSize                          = 2118123520                             {manageable} {ergonomic}
     bool UseCompressedClassPointers               = true                                 {lp64_product} {ergonomic}
     bool UseCompressedOops                        = true                                 {lp64_product} {ergonomic}
     bool UseG1GC                                  = true                                      {product} {ergonomic}
     bool UseLargePagesIndividualAllocation        = false                                  {pd product} {ergonomic}

Logging:
Log output configuration:
 #0: stdout all=warning uptime,level,tags
 #1: stderr all=off uptime,level,tags

Environment Variables:
PATH=C:/Program Files/Java/jdk-14.0.1/bin/server;C:/Program Files/Java/jdk-14.0.1/bin;C:\Program Files (x86)\Common Files\Intel\Shared Libraries\redist\intel64\compiler;C:\Program Files (x86)\Intel\Intel(R) Management Engine Components\iCLS\;C:\Program Files\Intel\Intel(R) Management Engine Components\iCLS\;C:\Windows\system32;C:\Windows;C:\Windows\System32\Wbem;C:\Windows\System32\WindowsPowerShell\v1.0\;C:\Windows\System32\OpenSSH\;C:\Program Files (x86)\NVIDIA Corporation\PhysX\Common;C:\Program Files (x86)\Intel\Intel(R) Management Engine Components\DAL;C:\Program Files\Intel\Intel(R) Management Engine Components\DAL;C:\Program Files (x86)\Intel\Intel(R) Management Engine Components\IPT;C:\Program Files\Intel\Intel(R) Management Engine Components\IPT;C:\WINDOWS\system32;C:\WINDOWS;C:\WINDOWS\System32\Wbem;C:\WINDOWS\System32\WindowsPowerShell\v1.0\;C:\WINDOWS\System32\OpenSSH\;C:\Program Files\Java\jdk-14.0.1\bin;C:\Program Files\dotnet\;C:\Program Files\Calibre2\;C:\Program Files\Git\cmd;C:\src\flutter\bin;C:\Users\asjb2\AppData\Local\Microsoft\WindowsApps;C:\Users\asjb2\AppData\Local\Programs\Microsoft VS Code\bin;C:\src\flutter\bin;C:\Program Files\Java\jdk-14.0.1\bin;C:\Users\asjb2\AppData\Local\GitHubDesktop\bin;C:\WINDOWS\system32;
USERNAME=asjb2
OS=Windows_NT
PROCESSOR_IDENTIFIER=Intel64 Family 6 Model 142 Stepping 10, GenuineIntel



---------------  S Y S T E M  ---------------

OS: Windows 10 , 64 bit Build 17763 (10.0.17763.1158)
OS uptime: 0 days 9:15 hours

CPU:total 8 (initial active 8) (4 cores per cpu, 2 threads per core) family 6 model 142 stepping 10, cmov, cx8, fxsr, mmx, sse, sse2, sse3, ssse3, sse4.1, sse4.2, popcnt, avx, avx2, aes, clmul, erms, 3dnowpref, lzcnt, ht, tsc, tscinvbit, bmi1, bmi2, adx, fma

Memory: 4k page, system-wide physical 8074M (490M free)
TotalPageFile size 32650M (AvailPageFile size 0M)
current process WorkingSet (physical memory assigned to process): 246M, peak: 246M
current process commit charge ("private bytes"): 382M, peak: 382M

vm_info: Java HotSpot(TM) 64-Bit Server VM (14.0.1+7) for windows-amd64 JRE (14.0.1+7), built on Mar  5 2020 10:30:14 by "mach5one" with MS VC++ 15.9 (VS2017)

END.
